#! /usr/local/bin/vvp
:ivl_version "11.0 (devel)" "(s20150603-553-g6c39348d)";
:ivl_delay_selection "TYPICAL";
:vpi_time_precision + 0;
:vpi_module "system";
:vpi_module "vhdl_sys";
:vpi_module "vhdl_textio";
:vpi_module "v2005_math";
:vpi_module "va_math";
S_0x55fa8d0033b0 .scope module, "Cache" "Cache" 2 1;
 .timescale 0 0;
    .port_info 0 /INPUT 1 "clk";
    .port_info 1 /INPUT 32 "Address";
    .port_info 2 /OUTPUT 32 "Data_Out";
    .port_info 3 /OUTPUT 1 "Hit_Miss";
o0x7f426354c018 .functor BUFZ 32, C4<zzzzzzzzzzzzzzzzzzzzzzzzzzzzzzzz>; HiZ drive
v0x55fa8d028090_0 .net "Address", 31 0, o0x7f426354c018;  0 drivers
v0x55fa8d04f130_0 .var "Byte_Offset", 3 0;
v0x55fa8d04f210 .array "Cache_Memory", 0 255, 511 0;
v0x55fa8d04f2b0 .array "Cache_Tags", 0 255, 17 0;
v0x55fa8d04f350_0 .var "Data_Out", 31 0;
v0x55fa8d04f480_0 .var "Hit_Miss", 0 0;
v0x55fa8d04f540_0 .var "Index_Bits", 7 0;
v0x55fa8d04f620_0 .var "M", 31 0;
v0x55fa8d04f700_0 .var "Tag_Bits", 17 0;
o0x7f426354c168 .functor BUFZ 1, C4<z>; HiZ drive
v0x55fa8d04f7e0_0 .net "clk", 0 0, o0x7f426354c168;  0 drivers
v0x55fa8d04f8a0_0 .var/i "i", 31 0;
v0x55fa8d04f980 .array "memory", 1023 0, 7 0;
E_0x55fa8d039fc0 .event edge, v0x55fa8d028090_0;
    .scope S_0x55fa8d0033b0;
T_0 ;
    %load/vec4 v0x55fa8d028090_0;
    %parti/s 18, 14, 5;
    %store/vec4 v0x55fa8d04f700_0, 0, 18;
    %load/vec4 v0x55fa8d028090_0;
    %parti/s 8, 6, 4;
    %store/vec4 v0x55fa8d04f540_0, 0, 8;
    %load/vec4 v0x55fa8d028090_0;
    %parti/s 4, 2, 3;
    %store/vec4 v0x55fa8d04f130_0, 0, 4;
    %pushi/vec4 15, 0, 32;
    %store/vec4 v0x55fa8d04f620_0, 0, 32;
    %vpi_call 2 22 "$readmemb", "memory.list", v0x55fa8d04f980 {0 0 0};
    %end;
    .thread T_0;
    .scope S_0x55fa8d0033b0;
T_1 ;
    %wait E_0x55fa8d039fc0;
    %load/vec4 v0x55fa8d04f540_0;
    %pad/u 10;
    %ix/vec4 4;
    %load/vec4a v0x55fa8d04f2b0, 4;
    %load/vec4 v0x55fa8d04f700_0;
    %cmp/e;
    %jmp/0xz  T_1.0, 4;
    %pushi/vec4 1, 0, 1;
    %store/vec4 v0x55fa8d04f480_0, 0, 1;
    %load/vec4 v0x55fa8d04f540_0;
    %pad/u 10;
    %ix/vec4 4;
    %load/vec4a v0x55fa8d04f210, 4;
    %load/vec4 v0x55fa8d04f130_0;
    %pad/u 31;
    %pad/u 35;
    %muli 16, 0, 35;
    %part/u 16;
    %pad/u 32;
    %store/vec4 v0x55fa8d04f350_0, 0, 32;
    %jmp T_1.1;
T_1.0 ;
    %pushi/vec4 0, 0, 1;
    %store/vec4 v0x55fa8d04f480_0, 0, 1;
T_1.1 ;
    %jmp T_1;
    .thread T_1, $push;
    .scope S_0x55fa8d0033b0;
T_2 ;
    %load/vec4 v0x55fa8d04f480_0;
    %pad/u 32;
    %cmpi/e 0, 0, 32;
    %jmp/0xz  T_2.0, 4;
    %load/vec4 v0x55fa8d028090_0;
    %store/vec4 v0x55fa8d04f8a0_0, 0, 32;
T_2.2 ;
    %load/vec4 v0x55fa8d04f8a0_0;
    %load/vec4 v0x55fa8d028090_0;
    %addi 16, 0, 32;
    %cmp/u;
    %jmp/0xz T_2.3, 5;
    %ix/getv/s 4, v0x55fa8d04f8a0_0;
    %load/vec4a v0x55fa8d04f980, 4;
    %pad/u 16;
    %load/vec4 v0x55fa8d04f540_0;
    %pad/u 10;
    %ix/vec4 4;
    %flag_mov 8, 4;
    %load/vec4 v0x55fa8d04f8a0_0;
    %pad/s 36;
    %muli 16, 0, 36;
    %ix/vec4/s 5;
    %flag_or 8, 4;
    %ix/load 6, 0, 0; Constant delay
    %ix/mov 3, 4;
    %flag_mov 4, 8;
    %assign/vec4/a/d v0x55fa8d04f210, 5, 6;
    ; show_stmt_assign_vector: Get l-value for compressed += operand
    %load/vec4 v0x55fa8d04f8a0_0;
    %pushi/vec4 1, 0, 32;
    %add;
    %store/vec4 v0x55fa8d04f8a0_0, 0, 32;
    %jmp T_2.2;
T_2.3 ;
    %load/vec4 v0x55fa8d028090_0;
    %parti/s 18, 14, 5;
    %load/vec4 v0x55fa8d04f540_0;
    %pad/u 10;
    %ix/vec4 3;
    %ix/load 4, 0, 0; Constant delay
    %assign/vec4/a/d v0x55fa8d04f2b0, 0, 4;
T_2.0 ;
    %end;
    .thread T_2;
# The file index is used to find the file name in the following table.
:file_names 3;
    "N/A";
    "<interactive>";
    "Cache.v";
